<?xml version="1.0" encoding="UTF-8"?>
<testsuite xmlns:xsi="http://www.w3.org/2001/XMLSchema-instance" xsi:noNamespaceSchemaLocation="https://maven.apache.org/surefire/maven-surefire-plugin/xsd/surefire-test-report-3.0.xsd" version="3.0" name="es.excibank.ResourceTest" time="5.72" tests="1" errors="0" skipped="0" failures="0">
  <properties>
[...]
</properties>
  <testcase name="tc_001" classname="es.excibank.ResourceTest" time="0.398">
    <system-out><![CDATA[2021-05-25 12:20:05,608 WARN  [io.qua.boo.res.mav.BootstrapMavenContext] (main) Settings problem encountered at C:\Users\JavierTorcal\.m2\settings.xml, line 24, column 13: org.apache.maven.settings.io.SettingsParseException: Unrecognised tag: 'servers' (position: START_TAG seen ...</properties>\r\n\t  <servers>... @24:13) 
	at org.apache.maven.settings.io.DefaultSettingsReader.read(DefaultSettingsReader.java:87)
	at org.apache.maven.settings.building.DefaultSettingsBuilder.readSettings(DefaultSettingsBuilder.java:182)
	at org.apache.maven.settings.building.DefaultSettingsBuilder.build(DefaultSettingsBuilder.java:108)
	at io.quarkus.bootstrap.resolver.maven.BootstrapMavenContext.getEffectiveSettings(BootstrapMavenContext.java:252)
	at io.quarkus.bootstrap.resolver.maven.BootstrapMavenContext.isOffline(BootstrapMavenContext.java:218)
	at io.quarkus.bootstrap.resolver.maven.BootstrapMavenContext.newRepositorySystem(BootstrapMavenContext.java:648)
	at io.quarkus.bootstrap.resolver.maven.BootstrapMavenContext.getRepositorySystem(BootstrapMavenContext.java:223)
	at io.quarkus.bootstrap.resolver.maven.MavenArtifactResolver.<init>(MavenArtifactResolver.java:113)
	at io.quarkus.bootstrap.BootstrapAppModelFactory.getAppModelResolver(BootstrapAppModelFactory.java:192)
	at io.quarkus.bootstrap.BootstrapAppModelFactory.resolveAppModel(BootstrapAppModelFactory.java:305)
	at io.quarkus.bootstrap.app.QuarkusBootstrap.bootstrap(QuarkusBootstrap.java:163)
	at io.quarkus.test.junit.QuarkusTestExtension.doJavaStart(QuarkusTestExtension.java:300)
	at io.quarkus.test.junit.QuarkusTestExtension.ensureStarted(QuarkusTestExtension.java:643)
	at io.quarkus.test.junit.QuarkusTestExtension.beforeAll(QuarkusTestExtension.java:689)
	at org.junit.jupiter.engine.descriptor.ClassBasedTestDescriptor.lambda$invokeBeforeAllCallbacks$8(ClassBasedTestDescriptor.java:368)
	at org.junit.platform.engine.support.hierarchical.ThrowableCollector.execute(ThrowableCollector.java:73)
	at org.junit.jupiter.engine.descriptor.ClassBasedTestDescriptor.invokeBeforeAllCallbacks(ClassBasedTestDescriptor.java:368)
	at org.junit.jupiter.engine.descriptor.ClassBasedTestDescriptor.before(ClassBasedTestDescriptor.java:192)
	at org.junit.jupiter.engine.descriptor.ClassBasedTestDescriptor.before(ClassBasedTestDescriptor.java:78)
	at org.junit.platform.engine.support.hierarchical.NodeTestTask.lambda$executeRecursively$5(NodeTestTask.java:136)
	at org.junit.platform.engine.support.hierarchical.ThrowableCollector.execute(ThrowableCollector.java:73)
	at org.junit.platform.engine.support.hierarchical.NodeTestTask.lambda$executeRecursively$7(NodeTestTask.java:129)
	at org.junit.platform.engine.support.hierarchical.Node.around(Node.java:137)
	at org.junit.platform.engine.support.hierarchical.NodeTestTask.lambda$executeRecursively$8(NodeTestTask.java:127)
	at org.junit.platform.engine.support.hierarchical.ThrowableCollector.execute(ThrowableCollector.java:73)
	at org.junit.platform.engine.support.hierarchical.NodeTestTask.executeRecursively(NodeTestTask.java:126)
	at org.junit.platform.engine.support.hierarchical.NodeTestTask.execute(NodeTestTask.java:84)
	at java.base/java.util.ArrayList.forEach(ArrayList.java:1511)
	at org.junit.platform.engine.support.hierarchical.SameThreadHierarchicalTestExecutorService.invokeAll(SameThreadHierarchicalTestExecutorService.java:38)
	at org.junit.platform.engine.support.hierarchical.NodeTestTask.lambda$executeRecursively$5(NodeTestTask.java:143)
	at org.junit.platform.engine.support.hierarchical.ThrowableCollector.execute(ThrowableCollector.java:73)
	at org.junit.platform.engine.support.hierarchical.NodeTestTask.lambda$executeRecursively$7(NodeTestTask.java:129)
	at org.junit.platform.engine.support.hierarchical.Node.around(Node.java:137)
	at org.junit.platform.engine.support.hierarchical.NodeTestTask.lambda$executeRecursively$8(NodeTestTask.java:127)
	at org.junit.platform.engine.support.hierarchical.ThrowableCollector.execute(ThrowableCollector.java:73)
	at org.junit.platform.engine.support.hierarchical.NodeTestTask.executeRecursively(NodeTestTask.java:126)
	at org.junit.platform.engine.support.hierarchical.NodeTestTask.execute(NodeTestTask.java:84)
	at org.junit.platform.engine.support.hierarchical.SameThreadHierarchicalTestExecutorService.submit(SameThreadHierarchicalTestExecutorService.java:32)
	at org.junit.platform.engine.support.hierarchical.HierarchicalTestExecutor.execute(HierarchicalTestExecutor.java:57)
	at org.junit.platform.engine.support.hierarchical.HierarchicalTestEngine.execute(HierarchicalTestEngine.java:51)
	at org.junit.platform.launcher.core.EngineExecutionOrchestrator.execute(EngineExecutionOrchestrator.java:108)
	at org.junit.platform.launcher.core.EngineExecutionOrchestrator.execute(EngineExecutionOrchestrator.java:88)
	at org.junit.platform.launcher.core.EngineExecutionOrchestrator.lambda$execute$0(EngineExecutionOrchestrator.java:54)
	at org.junit.platform.launcher.core.EngineExecutionOrchestrator.withInterceptedStreams(EngineExecutionOrchestrator.java:67)
	at org.junit.platform.launcher.core.EngineExecutionOrchestrator.execute(EngineExecutionOrchestrator.java:52)
	at org.junit.platform.launcher.core.DefaultLauncher.execute(DefaultLauncher.java:96)
	at org.junit.platform.launcher.core.DefaultLauncher.execute(DefaultLauncher.java:75)
	at org.apache.maven.surefire.junitplatform.JUnitPlatformProvider.execute(JUnitPlatformProvider.java:188)
	at org.apache.maven.surefire.junitplatform.JUnitPlatformProvider.invokeAllTests(JUnitPlatformProvider.java:154)
	at org.apache.maven.surefire.junitplatform.JUnitPlatformProvider.invoke(JUnitPlatformProvider.java:128)
	at org.apache.maven.surefire.booter.ForkedBooter.runSuitesInProcess(ForkedBooter.java:428)
	at org.apache.maven.surefire.booter.ForkedBooter.execute(ForkedBooter.java:162)
	at org.apache.maven.surefire.booter.ForkedBooter.run(ForkedBooter.java:562)
	at org.apache.maven.surefire.booter.ForkedBooter.main(ForkedBooter.java:548)
Caused by: org.codehaus.plexus.util.xml.pull.XmlPullParserException: Unrecognised tag: 'servers' (position: START_TAG seen ...</properties>\r\n\t  <servers>... @24:13) 
	at org.apache.maven.settings.io.xpp3.SettingsXpp3Reader.checkUnknownElement(SettingsXpp3Reader.java:149)
	at org.apache.maven.settings.io.xpp3.SettingsXpp3Reader.parseProfile(SettingsXpp3Reader.java:1008)
	at org.apache.maven.settings.io.xpp3.SettingsXpp3Reader.parseSettings(SettingsXpp3Reader.java:1432)
	at org.apache.maven.settings.io.xpp3.SettingsXpp3Reader.read(SettingsXpp3Reader.java:1544)
	at org.apache.maven.settings.io.xpp3.SettingsXpp3Reader.read(SettingsXpp3Reader.java:566)
	at org.apache.maven.settings.io.xpp3.SettingsXpp3Reader.read(SettingsXpp3Reader.java:595)
	at org.apache.maven.settings.io.DefaultSettingsReader.read(DefaultSettingsReader.java:83)
	... 53 more

2021-05-25 12:20:09,712 WARN  [io.qua.res.com.dep.ResteasyCommonProcessor] (build-42) Quarkus detected the need of REST JSON support but you have not provided the necessary JSON extension for this. You can visit https://quarkus.io/guides/rest-json for more information on how to set one.
2021-05-25 12:20:10,515 INFO  [io.quarkus] (main) Quarkus 1.13.4.Final on JVM started in 2.090s. Listening on: http://localhost:8081
2021-05-25 12:20:10,515 INFO  [io.quarkus] (main) Profile test activated. 
2021-05-25 12:20:10,515 INFO  [io.quarkus] (main) Installed features: [cdi, resteasy]
]]></system-out>
  </testcase>
</testsuite>